[17:39:35] [main/INFO] [GradleStart]: No arguments specified, assuming client.
[17:39:35] [main/INFO] [GradleStart]: Extra: []
[17:39:35] [main/INFO] [GradleStart]: Setting up virtual assets in: C:\Users\Harvey\.gradle\caches\minecraft\assets\virtual\legacy
[17:39:36] [main/INFO] [GradleStart]: Running with arguments: [--userProperties, {}, --username, ForgeDevName, --tweakClass, cpw.mods.fml.common.launcher.FMLTweaker, --accessToken, {REDACTED}, --assetIndex, legacy, --assetsDir, C:\Users\Harvey\.gradle\caches\minecraft\assets\virtual\legacy, --version, 1.7.2]
[17:39:36] [main/INFO] [LaunchWrapper]: Loading tweak class name cpw.mods.fml.common.launcher.FMLTweaker
[17:39:36] [main/INFO] [LaunchWrapper]: Using primary tweak class name cpw.mods.fml.common.launcher.FMLTweaker
[17:39:36] [main/INFO] [LaunchWrapper]: Calling tweak class cpw.mods.fml.common.launcher.FMLTweaker
[18:47:12] [main/INFO] [GradleStart]: No arguments specified, assuming client.
[18:47:12] [main/INFO] [GradleStart]: Extra: []
[18:47:12] [main/INFO] [GradleStart]: Setting up virtual assets in: C:\Users\Harvey\.gradle\caches\minecraft\assets\virtual\legacy
[18:47:13] [main/INFO] [GradleStart]: Running with arguments: [--userProperties, {}, --username, ForgeDevName, --tweakClass, cpw.mods.fml.common.launcher.FMLTweaker, --accessToken, {REDACTED}, --assetIndex, legacy, --assetsDir, C:\Users\Harvey\.gradle\caches\minecraft\assets\virtual\legacy, --version, 1.7.2]
[18:47:13] [main/INFO] [LaunchWrapper]: Loading tweak class name cpw.mods.fml.common.launcher.FMLTweaker
[18:47:13] [main/INFO] [LaunchWrapper]: Using primary tweak class name cpw.mods.fml.common.launcher.FMLTweaker
[18:47:13] [main/INFO] [LaunchWrapper]: Calling tweak class cpw.mods.fml.common.launcher.FMLTweaker
[18:50:07] [main/INFO] [GradleStart]: No arguments specified, assuming client.
[18:50:07] [main/INFO] [GradleStart]: Extra: []
[18:50:07] [main/INFO] [GradleStart]: Setting up virtual assets in: C:\Users\Harvey\.gradle\caches\minecraft\assets\virtual\legacy
[18:50:08] [main/INFO] [GradleStart]: Running with arguments: [--userProperties, {}, --username, ForgeDevName, --tweakClass, cpw.mods.fml.common.launcher.FMLTweaker, --accessToken, {REDACTED}, --assetIndex, legacy, --assetsDir, C:\Users\Harvey\.gradle\caches\minecraft\assets\virtual\legacy, --version, 1.7.2]
[18:50:08] [main/INFO] [LaunchWrapper]: Loading tweak class name cpw.mods.fml.common.launcher.FMLTweaker
[18:50:08] [main/INFO] [LaunchWrapper]: Using primary tweak class name cpw.mods.fml.common.launcher.FMLTweaker
[18:50:08] [main/INFO] [LaunchWrapper]: Calling tweak class cpw.mods.fml.common.launcher.FMLTweaker
[18:53:00] [main/INFO] [GradleStart]: No arguments specified, assuming client.
[18:53:00] [main/INFO] [GradleStart]: Extra: []
[18:53:00] [main/INFO] [GradleStart]: Setting up virtual assets in: C:\Users\Harvey\.gradle\caches\minecraft\assets\virtual\legacy
[18:53:01] [main/INFO] [GradleStart]: Running with arguments: [--userProperties, {}, --username, ForgeDevName, --tweakClass, cpw.mods.fml.common.launcher.FMLTweaker, --accessToken, {REDACTED}, --assetIndex, legacy, --assetsDir, C:\Users\Harvey\.gradle\caches\minecraft\assets\virtual\legacy, --version, 1.7.2]
[18:53:01] [main/INFO] [LaunchWrapper]: Loading tweak class name cpw.mods.fml.common.launcher.FMLTweaker
[18:53:01] [main/INFO] [LaunchWrapper]: Using primary tweak class name cpw.mods.fml.common.launcher.FMLTweaker
[18:53:01] [main/INFO] [LaunchWrapper]: Calling tweak class cpw.mods.fml.common.launcher.FMLTweaker
[18:53:44] [main/INFO] [GradleStart]: No arguments specified, assuming client.
[18:53:44] [main/INFO] [GradleStart]: Extra: []
[18:53:44] [main/INFO] [GradleStart]: Setting up virtual assets in: C:\Users\Harvey\.gradle\caches\minecraft\assets\virtual\legacy
[18:53:45] [main/INFO] [GradleStart]: Running with arguments: [--userProperties, {}, --username, ForgeDevName, --tweakClass, cpw.mods.fml.common.launcher.FMLTweaker, --accessToken, {REDACTED}, --assetIndex, legacy, --assetsDir, C:\Users\Harvey\.gradle\caches\minecraft\assets\virtual\legacy, --version, 1.7.2]
[18:53:46] [main/INFO] [LaunchWrapper]: Loading tweak class name cpw.mods.fml.common.launcher.FMLTweaker
[18:53:46] [main/INFO] [LaunchWrapper]: Using primary tweak class name cpw.mods.fml.common.launcher.FMLTweaker
[18:53:46] [main/INFO] [LaunchWrapper]: Calling tweak class cpw.mods.fml.common.launcher.FMLTweaker
[18:58:51] [main/INFO] [GradleStart]: No arguments specified, assuming client.
[18:58:51] [main/INFO] [GradleStart]: Extra: []
[18:58:51] [main/INFO] [GradleStart]: Setting up virtual assets in: C:\Users\Harvey\.gradle\caches\minecraft\assets\virtual\legacy
[18:58:52] [main/INFO] [GradleStart]: Running with arguments: [--userProperties, {}, --username, ForgeDevName, --tweakClass, cpw.mods.fml.common.launcher.FMLTweaker, --accessToken, {REDACTED}, --assetIndex, legacy, --assetsDir, C:\Users\Harvey\.gradle\caches\minecraft\assets\virtual\legacy, --version, 1.7.2]
[18:58:52] [main/INFO] [LaunchWrapper]: Loading tweak class name cpw.mods.fml.common.launcher.FMLTweaker
[18:58:52] [main/INFO] [LaunchWrapper]: Using primary tweak class name cpw.mods.fml.common.launcher.FMLTweaker
[18:58:52] [main/INFO] [LaunchWrapper]: Calling tweak class cpw.mods.fml.common.launcher.FMLTweaker
[19:03:46] [main/INFO] [GradleStart]: No arguments specified, assuming client.
[19:03:46] [main/INFO] [GradleStart]: Extra: []
[19:03:46] [main/INFO] [GradleStart]: Setting up virtual assets in: C:\Users\Harvey\.gradle\caches\minecraft\assets\virtual\legacy
[19:03:47] [main/INFO] [GradleStart]: Running with arguments: [--userProperties, {}, --username, ForgeDevName, --tweakClass, cpw.mods.fml.common.launcher.FMLTweaker, --accessToken, {REDACTED}, --assetIndex, legacy, --assetsDir, C:\Users\Harvey\.gradle\caches\minecraft\assets\virtual\legacy, --version, 1.7.2]
[19:03:47] [main/INFO] [LaunchWrapper]: Loading tweak class name cpw.mods.fml.common.launcher.FMLTweaker
[19:03:47] [main/INFO] [LaunchWrapper]: Using primary tweak class name cpw.mods.fml.common.launcher.FMLTweaker
[19:03:47] [main/INFO] [LaunchWrapper]: Calling tweak class cpw.mods.fml.common.launcher.FMLTweaker
[19:10:16] [main/INFO] [GradleStart]: No arguments specified, assuming client.
[19:10:16] [main/INFO] [GradleStart]: Extra: []
[19:10:16] [main/INFO] [GradleStart]: Setting up virtual assets in: C:\Users\Harvey\.gradle\caches\minecraft\assets\virtual\legacy
[19:10:17] [main/INFO] [GradleStart]: Running with arguments: [--userProperties, {}, --username, ForgeDevName, --tweakClass, cpw.mods.fml.common.launcher.FMLTweaker, --accessToken, {REDACTED}, --assetIndex, legacy, --assetsDir, C:\Users\Harvey\.gradle\caches\minecraft\assets\virtual\legacy, --version, 1.7.2]
[19:10:17] [main/INFO] [LaunchWrapper]: Loading tweak class name cpw.mods.fml.common.launcher.FMLTweaker
[19:10:17] [main/INFO] [LaunchWrapper]: Using primary tweak class name cpw.mods.fml.common.launcher.FMLTweaker
[19:10:17] [main/INFO] [LaunchWrapper]: Calling tweak class cpw.mods.fml.common.launcher.FMLTweaker
[19:11:11] [main/INFO] [GradleStart]: No arguments specified, assuming client.
[19:11:11] [main/INFO] [GradleStart]: Extra: []
[19:11:11] [main/INFO] [GradleStart]: Setting up virtual assets in: C:\Users\Harvey\.gradle\caches\minecraft\assets\virtual\legacy
[19:11:12] [main/INFO] [GradleStart]: Running with arguments: [--userProperties, {}, --username, ForgeDevName, --tweakClass, cpw.mods.fml.common.launcher.FMLTweaker, --accessToken, {REDACTED}, --assetIndex, legacy, --assetsDir, C:\Users\Harvey\.gradle\caches\minecraft\assets\virtual\legacy, --version, 1.7.2]
[19:11:12] [main/INFO] [LaunchWrapper]: Loading tweak class name cpw.mods.fml.common.launcher.FMLTweaker
[19:11:12] [main/INFO] [LaunchWrapper]: Using primary tweak class name cpw.mods.fml.common.launcher.FMLTweaker
[19:11:12] [main/INFO] [LaunchWrapper]: Calling tweak class cpw.mods.fml.common.launcher.FMLTweaker
[19:11:53] [main/INFO] [GradleStart]: No arguments specified, assuming client.
[19:11:53] [main/INFO] [GradleStart]: Extra: []
[19:11:53] [main/INFO] [GradleStart]: Setting up virtual assets in: C:\Users\Harvey\.gradle\caches\minecraft\assets\virtual\legacy
[19:11:54] [main/INFO] [GradleStart]: Running with arguments: [--userProperties, {}, --username, ForgeDevName, --tweakClass, cpw.mods.fml.common.launcher.FMLTweaker, --accessToken, {REDACTED}, --assetIndex, legacy, --assetsDir, C:\Users\Harvey\.gradle\caches\minecraft\assets\virtual\legacy, --version, 1.7.2]
[19:11:54] [main/INFO] [LaunchWrapper]: Loading tweak class name cpw.mods.fml.common.launcher.FMLTweaker
[19:11:54] [main/INFO] [LaunchWrapper]: Using primary tweak class name cpw.mods.fml.common.launcher.FMLTweaker
[19:11:54] [main/INFO] [LaunchWrapper]: Calling tweak class cpw.mods.fml.common.launcher.FMLTweaker
[19:13:32] [main/INFO] [GradleStart]: No arguments specified, assuming client.
[19:13:32] [main/INFO] [GradleStart]: Extra: []
[19:13:32] [main/INFO] [GradleStart]: Setting up virtual assets in: C:\Users\Harvey\.gradle\caches\minecraft\assets\virtual\legacy
[19:13:33] [main/INFO] [GradleStart]: Running with arguments: [--userProperties, {}, --username, ForgeDevName, --tweakClass, cpw.mods.fml.common.launcher.FMLTweaker, --accessToken, {REDACTED}, --assetIndex, legacy, --assetsDir, C:\Users\Harvey\.gradle\caches\minecraft\assets\virtual\legacy, --version, 1.7.2]
[19:13:33] [main/INFO] [LaunchWrapper]: Loading tweak class name cpw.mods.fml.common.launcher.FMLTweaker
[19:13:33] [main/INFO] [LaunchWrapper]: Using primary tweak class name cpw.mods.fml.common.launcher.FMLTweaker
[19:13:33] [main/INFO] [LaunchWrapper]: Calling tweak class cpw.mods.fml.common.launcher.FMLTweaker
[19:14:40] [main/INFO] [GradleStart]: No arguments specified, assuming client.
[19:14:40] [main/INFO] [GradleStart]: Extra: []
[19:14:40] [main/INFO] [GradleStart]: Setting up virtual assets in: C:\Users\Harvey\.gradle\caches\minecraft\assets\virtual\legacy
[19:14:41] [main/INFO] [GradleStart]: Running with arguments: [--userProperties, {}, --username, ForgeDevName, --tweakClass, cpw.mods.fml.common.launcher.FMLTweaker, --accessToken, {REDACTED}, --assetIndex, legacy, --assetsDir, C:\Users\Harvey\.gradle\caches\minecraft\assets\virtual\legacy, --version, 1.7.2]
[19:14:41] [main/INFO] [LaunchWrapper]: Loading tweak class name cpw.mods.fml.common.launcher.FMLTweaker
[19:14:41] [main/INFO] [LaunchWrapper]: Using primary tweak class name cpw.mods.fml.common.launcher.FMLTweaker
[19:14:41] [main/INFO] [LaunchWrapper]: Calling tweak class cpw.mods.fml.common.launcher.FMLTweaker
[19:18:44] [main/INFO] [GradleStart]: No arguments specified, assuming client.
[19:18:44] [main/INFO] [GradleStart]: Extra: []
[19:18:44] [main/INFO] [GradleStart]: Setting up virtual assets in: C:\Users\Harvey\.gradle\caches\minecraft\assets\virtual\legacy
[19:18:45] [main/INFO] [GradleStart]: Running with arguments: [--userProperties, {}, --username, ForgeDevName, --tweakClass, cpw.mods.fml.common.launcher.FMLTweaker, --accessToken, {REDACTED}, --assetIndex, legacy, --assetsDir, C:\Users\Harvey\.gradle\caches\minecraft\assets\virtual\legacy, --version, 1.7.2]
[19:18:45] [main/INFO] [LaunchWrapper]: Loading tweak class name cpw.mods.fml.common.launcher.FMLTweaker
[19:18:45] [main/INFO] [LaunchWrapper]: Using primary tweak class name cpw.mods.fml.common.launcher.FMLTweaker
[19:18:45] [main/INFO] [LaunchWrapper]: Calling tweak class cpw.mods.fml.common.launcher.FMLTweaker
